(---------------------------------------------------------------------)
(                                                                     )
(    ARTWORK LOG                                                      )
(                                                                     )
(    Drawing          : LAUNCHXL-CC1310.brd                           )
(    Software Version : 17.2S024                                      )
(    Date/Time        : Tue Feb 18 08:08:46 2020                      )
(                                                                     )
(---------------------------------------------------------------------)


 ---- Photoplot outline rectangle not found; using drawing extents.




 Can't open parameter file ... using default values:
     DEVICE-TYPE        GERBER6X00
     G-CODES            NO
     STATIONS-PER-WHEEL 24
     FILM-SIZE          24000 16000
     COORDINATES        ABSOLUTE
     OUTPUT-UNITS       INCHES
     FORMAT             5.3
     ABORT-ON-ERROR     abort film & continue
     SUPPRESS-LEAD-ZEROES     YES
     SUPPRESS-TRAIL-ZEROES    NO
     OPTIMIZE           YES
     SUPPRESS-EQUAL     YES
     SCALE              1.0



 WARNING: Generating english output data from a metric database
 may cause slight roundoff error of coordinates in output file.




================================================================
     PROCESSING FILM < paste_top >
     TO FILE < C:/apps/layout/LAUNCHXL_CC1310/design/hw/Cadence/Allegro/LAUNCHXL-CC1310_paste_top.art > ...
================================================================

  FILM PARAMETERS :
  ---------------------------------------------------------
  Undefined line width                0.0990
  Mirror code                         NONE
  Rotate angle                        NONE
  Offset x:                           0.0000
  Offset y:                           0.0000
  Plot negative                       NO
  Suppress unconnected internal pads  DYNAMIC
  Draw holes only                     NO

    WARNING: text composed 0 width line found at (241.3420 148.8620)
           ... using undefined line width of 0.0990

    WARNING: text having Multiple 0 width lines; all will be treated the same as the first.
           ... using undefined line width of 0.0990



  APERTURES USED:
  ---------------------------------------------------------
  TYPE       SIZE/NAME                   ROT   MIRROR MODE 
  ---------------------------------------------------------
  CIRCLE     0.00390                                  DARK 
  CIRCLE     0.00394                                  DARK 
  CIRCLE     0.05000                                  DARK 
  CIRCLE     0.07087                                  DARK 
  SQUARE     0.20669                     0.000 NO     DARK 
  RECTANGLE  0.01181     x 0.06693      90.000 NO     DARK 
  RECTANGLE  0.03543     x 0.06693       0.000 NO     DARK 
  RECTANGLE  0.06496     x 0.09843      90.000 NO     DARK 
  OBLONG     0.00791     x 0.05909       0.000 NO     DARK 
  OBLONG     0.00791     x 0.05909      90.000 NO     DARK 
  OBLONG     0.01571     x 0.03539      90.000 NO     DARK 
  OBLONG     0.04528     x 0.03150      90.000 NO     DARK 
  PAD SHAPE  SHAPE_300RECT750            0.000 NO     DARK 
  PAD SHAPE  SHAPE_600RECT650            0.000 NO     DARK 
  PAD SHAPE  SHAPE_640RECTX650           0.000 NO     DARK 
  PAD SHAPE  SHAPE_300RECTX400_ETCH      0.000 NO     DARK 
  PAD SHAPE  SHAPE_300RECTX900           0.000 NO     DARK 
  PAD SHAPE  SHAPE_750RECTX3050_ETCH     0.000 NO     DARK 
  PAD SHAPE  SHAPE_1400RECTX1900         0.000 NO     DARK 
  PAD SHAPE  SHAPE_300RECTX450           0.000 NO     DARK 
  PAD SHAPE  SHAPE_450RECTX1400          0.000 NO     DARK 
  PAD SHAPE  SHAPE_2000RECT2000          0.000 NO     DARK 
  PAD SHAPE  SHAPE_1000RECTX1400         0.000 NO     DARK 
  PAD SHAPE  SHAPE_1450RECTX2100         0.000 NO     DARK 
  PAD SHAPE  SHAPE_500RECTX525           0.000 NO     DARK 
  PAD SHAPE  BULLET_300X800_ETCH         0.000 NO     DARK 
  PAD SHAPE  SHAPE_900RECTX1300         90.000 NO     DARK 
  PAD SHAPE  SHAPE_640RECTX650          90.000 NO     DARK 
  PAD SHAPE  BULLET_300X800_ETCH        90.000 NO     DARK 
  PAD SHAPE  SHAPE_950RECTX1000_ETCH    90.000 NO     DARK 
  PAD SHAPE  SHAPE_500RECTX525          90.000 NO     DARK 
  PAD SHAPE  SHAPE_200RECTX650          90.000 NO     DARK 
  PAD SHAPE  SHAPE_300RECTX900          90.000 NO     DARK 
  PAD SHAPE  SHAPE_1000RECTX1800_ETCH   90.000 NO     DARK 
  PAD SHAPE  SHAPE_1150RECTX1450        90.000 NO     DARK 
  PAD SHAPE  SHAPE_200RECTX900          90.000 NO     DARK 
  PAD SHAPE  SHAPE_750RECT750           90.000 NO     DARK 
  PAD SHAPE  SHAPE_750RECT900           90.000 NO     DARK 
  PAD SHAPE  SHAPE_500RECTX525         135.000 NO     DARK 
  PAD SHAPE  SHAPE_950RECTX1000_ETCH   180.000 NO     DARK 
  PAD SHAPE  SHAPE_640RECTX650         180.000 NO     DARK 
  PAD SHAPE  SHAPE_750RECTX3050_ETCH   180.000 NO     DARK 
  PAD SHAPE  SHAPE_900RECTX1300        180.000 NO     DARK 
  PAD SHAPE  SHAPE_1000RECTX1400       180.000 NO     DARK 
  PAD SHAPE  BULLET_300X800_ETCH       180.000 NO     DARK 
  PAD SHAPE  SHAPE_500RECTX525         180.000 NO     DARK 
  PAD SHAPE  SHAPE_1200RECT1400        180.000 NO     DARK 
  PAD SHAPE  SHAPE_200RECTX650         180.000 NO     DARK 
  PAD SHAPE  SHAPE_500RECTX525         270.000 NO     DARK 
  PAD SHAPE  SHAPE_640RECTX650         270.000 NO     DARK 
  PAD SHAPE  SHAPE_300RECTX700_ETCH    270.000 NO     DARK 
  PAD SHAPE  SHAPE_350RECTX400_ETCH    270.000 NO     DARK 
  PAD SHAPE  SHAPE_750RECT750          270.000 NO     DARK 
  PAD SHAPE  SHAPE_1000RECTX1400       270.000 NO     DARK 
  PAD SHAPE  SHAPE_900RECTX1300        270.000 NO     DARK 
  PAD SHAPE  BULLET_300X800_ETCH       270.000 NO     DARK 
  PAD SHAPE  SHAPE_950RECTX1000_ETCH   270.000 NO     DARK 
  PAD SHAPE  SHAPE_750RECT900          270.000 NO     DARK 
  PAD SHAPE  SHAPE_500RECTX525         315.000 NO     DARK 

     LAUNCHXL-CC1310_paste_top created with warnings


================================================================
     PROCESSING FILM < paste_bottom >
     TO FILE < C:/apps/layout/LAUNCHXL_CC1310/design/hw/Cadence/Allegro/LAUNCHXL-CC1310_paste_bottom.art > ...
================================================================

  FILM PARAMETERS :
  ---------------------------------------------------------
  Undefined line width                0.0990
  Mirror code                         NONE
  Rotate angle                        NONE
  Offset x:                           0.0000
  Offset y:                           0.0000
  Plot negative                       NO
  Suppress unconnected internal pads  DYNAMIC
  Draw holes only                     NO



  APERTURES USED:
  ---------------------------------------------------------
  TYPE       SIZE/NAME                   ROT   MIRROR MODE 
  ---------------------------------------------------------
  CIRCLE     0.00390                                  DARK 
  CIRCLE     0.00394                                  DARK 
  CIRCLE     0.05000                                  DARK 

     LAUNCHXL-CC1310_paste_bottom created with warnings


================================================================
     PROCESSING FILM < soldmask_top >
     TO FILE < C:/apps/layout/LAUNCHXL_CC1310/design/hw/Cadence/Allegro/LAUNCHXL-CC1310_soldmask_top.art > ...
================================================================

  FILM PARAMETERS :
  ---------------------------------------------------------
  Undefined line width                0.0990
  Mirror code                         NONE
  Rotate angle                        NONE
  Offset x:                           0.0000
  Offset y:                           0.0000
  Plot negative                       NO
  Suppress unconnected internal pads  DYNAMIC
  Draw holes only                     NO



  APERTURES USED:
  ---------------------------------------------------------
  TYPE       SIZE/NAME                   ROT   MIRROR MODE 
  ---------------------------------------------------------
  CIRCLE     0.00390                                  DARK 
  CIRCLE     0.00394                                  DARK 
  CIRCLE     0.04331                                  DARK 
  CIRCLE     0.04724                                  DARK 
  CIRCLE     0.05591                                  DARK 
  CIRCLE     0.07087                                  DARK 
  CIRCLE     0.07280                                  DARK 
  CIRCLE     0.07677                                  DARK 
  CIRCLE     0.13390                                  DARK 
  CIRCLE     0.15551                                  DARK 
  SQUARE     0.21260                     0.000 NO     DARK 
  RECTANGLE  0.01772     x 0.07283      90.000 NO     DARK 
  RECTANGLE  0.04134     x 0.07283       0.000 NO     DARK 
  RECTANGLE  0.07087     x 0.10433      90.000 NO     DARK 
  OBLONG     0.01181     x 0.06500       0.000 NO     DARK 
  OBLONG     0.01181     x 0.06500      90.000 NO     DARK 
  OBLONG     0.02169     x 0.04130      90.000 NO     DARK 
  OBLONG     0.05118     x 0.03740      90.000 NO     DARK 
  OBLONG     0.06102     x 0.08858       0.000 NO     DARK 
  PAD SHAPE  SHAPE_740RECTX750           0.000 NO     DARK 
  PAD SHAPE  SHAPE_750RECT800            0.000 NO     DARK 
  PAD SHAPE  SHAPE_2150RECT2150          0.000 NO     DARK 
  PAD SHAPE  SHAPE_1550RECTX2200         0.000 NO     DARK 
  PAD SHAPE  SHAPE_400RECTX500_SM100     0.000 NO     DARK 
  PAD SHAPE  SHAPE_400RECTX550           0.000 NO     DARK 
  PAD SHAPE  SHAPE_400RECT850            0.000 NO     DARK 
  PAD SHAPE  SHAPE_650RECTX675           0.000 NO     DARK 
  PAD SHAPE  SHAPE_1550RECTX2050         0.000 NO     DARK 
  PAD SHAPE  SHAPE_1150RECTX1550         0.000 NO     DARK 
  PAD SHAPE  SHAPE_900RECTX3200_SM150    0.000 NO     DARK 
  PAD SHAPE  SHAPE_550RECTX1500          0.000 NO     DARK 
  PAD SHAPE  BULLET_400X900_SM           0.000 NO     DARK 
  PAD SHAPE  SHAPE_400RECTX1000          0.000 NO     DARK 
  PAD SHAPE  BULLET_400X900_SM          90.000 NO     DARK 
  PAD SHAPE  SHAPE_300RECTX1000         90.000 NO     DARK 
  PAD SHAPE  SHAPE_900RECT900           90.000 NO     DARK 
  PAD SHAPE  SHAPE_650RECTX675          90.000 NO     DARK 
  PAD SHAPE  SHAPE_400RECTX1000         90.000 NO     DARK 
  PAD SHAPE  SHAPE_740RECTX750          90.000 NO     DARK 
  PAD SHAPE  SHAPE_900RECT1050          90.000 NO     DARK 
  PAD SHAPE  SHAPE_1300RECTX1600        90.000 NO     DARK 
  PAD SHAPE  SHAPE_1150RECTX1950_SM150  90.000 NO     DARK 
  PAD SHAPE  SHAPE_300RECTX750          90.000 NO     DARK 
  PAD SHAPE  SHAPE_1050RECTX1450        90.000 NO     DARK 
  PAD SHAPE  SHAPE_1100RECTX1150_SM150  90.000 NO     DARK 
  PAD SHAPE  SHAPE_650RECTX675         135.000 NO     DARK 
  PAD SHAPE  SHAPE_1350RECT1550        180.000 NO     DARK 
  PAD SHAPE  SHAPE_740RECTX750         180.000 NO     DARK 
  PAD SHAPE  SHAPE_300RECTX750         180.000 NO     DARK 
  PAD SHAPE  SHAPE_650RECTX675         180.000 NO     DARK 
  PAD SHAPE  SHAPE_1150RECTX1550       180.000 NO     DARK 
  PAD SHAPE  BULLET_400X900_SM         180.000 NO     DARK 
  PAD SHAPE  SHAPE_1100RECTX1150_SM150 180.000 NO     DARK 
  PAD SHAPE  SHAPE_1050RECTX1450       180.000 NO     DARK 
  PAD SHAPE  SHAPE_900RECTX3200_SM150  180.000 NO     DARK 
  PAD SHAPE  SHAPE_1150RECTX1550       270.000 NO     DARK 
  PAD SHAPE  SHAPE_650RECTX675         270.000 NO     DARK 
  PAD SHAPE  SHAPE_450RECTX500_SM100   270.000 NO     DARK 
  PAD SHAPE  SHAPE_740RECTX750         270.000 NO     DARK 
  PAD SHAPE  SHAPE_1050RECTX1450       270.000 NO     DARK 
  PAD SHAPE  SHAPE_400RECTX800_SM100   270.000 NO     DARK 
  PAD SHAPE  BULLET_400X900_SM         270.000 NO     DARK 
  PAD SHAPE  SHAPE_1100RECTX1150_SM150 270.000 NO     DARK 
  PAD SHAPE  SHAPE_900RECT1050         270.000 NO     DARK 
  PAD SHAPE  SHAPE_900RECT900          270.000 NO     DARK 
  PAD SHAPE  SHAPE_650RECTX675         315.000 NO     DARK 

     LAUNCHXL-CC1310_soldmask_top created with warnings


================================================================
     PROCESSING FILM < soldmask_bottom >
     TO FILE < C:/apps/layout/LAUNCHXL_CC1310/design/hw/Cadence/Allegro/LAUNCHXL-CC1310_soldmask_bottom.art > ...
================================================================

  FILM PARAMETERS :
  ---------------------------------------------------------
  Undefined line width                0.0990
  Mirror code                         NONE
  Rotate angle                        NONE
  Offset x:                           0.0000
  Offset y:                           0.0000
  Plot negative                       NO
  Suppress unconnected internal pads  DYNAMIC
  Draw holes only                     NO



  APERTURES USED:
  ---------------------------------------------------------
  TYPE       SIZE/NAME                   ROT   MIRROR MODE 
  ---------------------------------------------------------
  CIRCLE     0.00390                                  DARK 
  CIRCLE     0.00394                                  DARK 
  CIRCLE     0.02358                                  DARK 
  CIRCLE     0.03740                                  DARK 
  CIRCLE     0.04331                                  DARK 
  CIRCLE     0.04724                                  DARK 
  CIRCLE     0.05591                                  DARK 
  CIRCLE     0.07087                                  DARK 
  CIRCLE     0.07280                                  DARK 
  CIRCLE     0.13390                                  DARK 
  CIRCLE     0.15551                                  DARK 
  OBLONG     0.06102     x 0.08858       0.000 NO     DARK 

     LAUNCHXL-CC1310_soldmask_bottom created with warnings


================================================================
     PROCESSING FILM < silk_top >
     TO FILE < C:/apps/layout/LAUNCHXL_CC1310/design/hw/Cadence/Allegro/LAUNCHXL-CC1310_silk_top.art > ...
================================================================

  FILM PARAMETERS :
  ---------------------------------------------------------
  Undefined line width                0.0990
  Mirror code                         NONE
  Rotate angle                        NONE
  Offset x:                           0.0000
  Offset y:                           0.0000
  Plot negative                       NO
  Suppress unconnected internal pads  DYNAMIC
  Draw holes only                     NO



  APERTURES USED:
  ---------------------------------------------------------
  TYPE       SIZE/NAME                   ROT   MIRROR MODE 
  ---------------------------------------------------------
  CIRCLE     0.00390                                  DARK 
  CIRCLE     0.00394                                  DARK 
  CIRCLE     0.00709                                  DARK 
  CIRCLE     0.00984                                  DARK 
  CIRCLE     0.01181                                  DARK 
  CIRCLE     0.02362                                  DARK 

     LAUNCHXL-CC1310_silk_top created with warnings


================================================================
     PROCESSING FILM < silk_bottom >
     TO FILE < C:/apps/layout/LAUNCHXL_CC1310/design/hw/Cadence/Allegro/LAUNCHXL-CC1310_silk_bottom.art > ...
================================================================

  FILM PARAMETERS :
  ---------------------------------------------------------
  Undefined line width                0.0990
  Mirror code                         NONE
  Rotate angle                        NONE
  Offset x:                           0.0000
  Offset y:                           0.0000
  Plot negative                       NO
  Suppress unconnected internal pads  DYNAMIC
  Draw holes only                     NO

    WARNING: Segment with same start and end points at
	(223.1373 277.5700) will be ignored. Increasing output
	accuracy may allow segment to be generated.

    WARNING: Segment with same start and end points at
	(223.7049 277.1689) will be ignored. Increasing output
	accuracy may allow segment to be generated.

    WARNING: Segment with same start and end points at
	(228.5382 277.0793) will be ignored. Increasing output
	accuracy may allow segment to be generated.



  APERTURES USED:
  ---------------------------------------------------------
  TYPE       SIZE/NAME                   ROT   MIRROR MODE 
  ---------------------------------------------------------
  CIRCLE     0.00390                                  DARK 
  CIRCLE     0.00394                                  DARK 
  CIRCLE     0.00551                                  DARK 
  CIRCLE     0.00709                                  DARK 

     LAUNCHXL-CC1310_silk_bottom created with warnings


================================================================
     PROCESSING FILM < assembly_bottom >
     TO FILE < C:/apps/layout/LAUNCHXL_CC1310/design/hw/Cadence/Allegro/LAUNCHXL-CC1310_assembly_bottom.art > ...
================================================================

  FILM PARAMETERS :
  ---------------------------------------------------------
  Undefined line width                0.0990
  Mirror code                         NONE
  Rotate angle                        NONE
  Offset x:                           0.0000
  Offset y:                           0.0000
  Plot negative                       NO
  Suppress unconnected internal pads  DYNAMIC
  Draw holes only                     NO

    WARNING: 0 width line found at (207.6000 180.0500)
           ... using undefined line width of 0.0990

    WARNING: Multiple 0 width lines; all will be treated the same as the first.
           ... using undefined line width of 0.0990



  APERTURES USED:
  ---------------------------------------------------------
  TYPE       SIZE/NAME                   ROT   MIRROR MODE 
  ---------------------------------------------------------
  CIRCLE     0.00197                                  DARK 
  CIRCLE     0.00390                                  DARK 
  CIRCLE     0.00394                                  DARK 

     LAUNCHXL-CC1310_assembly_bottom created with warnings


================================================================
     PROCESSING FILM < Top >
     TO FILE < C:/apps/layout/LAUNCHXL_CC1310/design/hw/Cadence/Allegro/LAUNCHXL-CC1310_Top.art > ...
================================================================

  FILM PARAMETERS :
  ---------------------------------------------------------
  Undefined line width                0.0990
  Mirror code                         NONE
  Rotate angle                        NONE
  Offset x:                           0.0000
  Offset y:                           0.0000
  Plot negative                       NO
  Suppress unconnected internal pads  DYNAMIC
  Draw holes only                     NO

    WARNING: Segment with same start and end points at
	(234.3305 230.9730) will be ignored. Increasing output
	accuracy may allow segment to be generated.

    WARNING: Segment with same start and end points at
	(220.1258 240.2944) will be ignored. Increasing output
	accuracy may allow segment to be generated.

    WARNING: Segment with same start and end points at
	(205.0613 282.8897) will be ignored. Increasing output
	accuracy may allow segment to be generated.

    WARNING: Segment with same start and end points at
	(208.0466 278.4048) will be ignored. Increasing output
	accuracy may allow segment to be generated.

    WARNING: Segment with same start and end points at
	(204.6851 267.3157) will be ignored. Increasing output
	accuracy may allow segment to be generated.



  APERTURES USED:
  ---------------------------------------------------------
  TYPE       SIZE/NAME                   ROT   MIRROR MODE 
  ---------------------------------------------------------
  CIRCLE     0.00390                                  DARK 
  CIRCLE     0.00394                                  DARK 
  CIRCLE     0.00591                                  DARK 
  CIRCLE     0.00787                                  DARK 
  CIRCLE     0.01181                                  DARK 
  CIRCLE     0.01260                                  DARK 
  CIRCLE     0.01575                                  DARK 
  CIRCLE     0.01969                                  DARK 
  CIRCLE     0.02362                                  DARK 
  CIRCLE     0.02756                                  DARK 
  CIRCLE     0.03937                                  DARK 
  CIRCLE     0.05000                                  DARK 
  CIRCLE     0.06496                                  DARK 
  CIRCLE     0.06689                                  DARK 
  CIRCLE     0.07087                                  DARK 
  CIRCLE     0.14961                                  DARK 
  SQUARE     0.20669                     0.000 NO     DARK 
  RECTANGLE  0.01181     x 0.06693      90.000 NO     DARK 
  RECTANGLE  0.03543     x 0.06693       0.000 NO     DARK 
  RECTANGLE  0.03937     x 0.07874      90.000 NO     DARK 
  RECTANGLE  0.06496     x 0.09843      90.000 NO     DARK 
  OBLONG     0.00791     x 0.05909       0.000 NO     DARK 
  OBLONG     0.00791     x 0.05909      90.000 NO     DARK 
  OBLONG     0.01571     x 0.03539      90.000 NO     DARK 
  OBLONG     0.04528     x 0.03150      90.000 NO     DARK 
  OBLONG     0.05512     x 0.08268       0.000 NO     DARK 
  PAD SHAPE  SHAPE_750RECTX3050_ETCH     0.000 NO     DARK 
  PAD SHAPE  SHAPE_640RECTX650           0.000 NO     DARK 
  PAD SHAPE  SHAPE_450RECTX1400          0.000 NO     DARK 
  PAD SHAPE  SHAPE_1450RECTX2100         0.000 NO     DARK 
  PAD SHAPE  SHAPE_600RECT650            0.000 NO     DARK 
  PAD SHAPE  SHAPE_1400RECTX1900         0.000 NO     DARK 
  PAD SHAPE  SHAPE_1000RECTX1400         0.000 NO     DARK 
  PAD SHAPE  SHAPE_500RECTX525           0.000 NO     DARK 
  PAD SHAPE  SHAPE_300RECT750            0.000 NO     DARK 
  PAD SHAPE  SHAPE_300RECTX400_ETCH      0.000 NO     DARK 
  PAD SHAPE  SHAPE_300RECTX900           0.000 NO     DARK 
  PAD SHAPE  SHAPE_2000RECT2000          0.000 NO     DARK 
  PAD SHAPE  SHAPE_300RECTX450           0.000 NO     DARK 
  PAD SHAPE  BULLET_300X800_ETCH         0.000 NO     DARK 
  PAD SHAPE  SHAPE_200RECTX650          90.000 NO     DARK 
  PAD SHAPE  SHAPE_500RECTX525          90.000 NO     DARK 
  PAD SHAPE  SHAPE_640RECTX650          90.000 NO     DARK 
  PAD SHAPE  SHAPE_950RECTX1000_ETCH    90.000 NO     DARK 
  PAD SHAPE  BULLET_300X800_ETCH        90.000 NO     DARK 
  PAD SHAPE  SHAPE_750RECT750           90.000 NO     DARK 
  PAD SHAPE  SHAPE_1000RECTX1800_ETCH   90.000 NO     DARK 
  PAD SHAPE  SHAPE_750RECT900           90.000 NO     DARK 
  PAD SHAPE  SHAPE_900RECTX1300         90.000 NO     DARK 
  PAD SHAPE  SHAPE_300RECTX900          90.000 NO     DARK 
  PAD SHAPE  SHAPE_1150RECTX1450        90.000 NO     DARK 
  PAD SHAPE  SHAPE_200RECTX900          90.000 NO     DARK 
  PAD SHAPE  SHAPE_500RECTX525         135.000 NO     DARK 
  PAD SHAPE  SHAPE_200RECTX650         180.000 NO     DARK 
  PAD SHAPE  SHAPE_750RECTX3050_ETCH   180.000 NO     DARK 
  PAD SHAPE  SHAPE_500RECTX525         180.000 NO     DARK 
  PAD SHAPE  BULLET_300X800_ETCH       180.000 NO     DARK 
  PAD SHAPE  SHAPE_900RECTX1300        180.000 NO     DARK 
  PAD SHAPE  SHAPE_640RECTX650         180.000 NO     DARK 
  PAD SHAPE  SHAPE_1200RECT1400        180.000 NO     DARK 
  PAD SHAPE  SHAPE_950RECTX1000_ETCH   180.000 NO     DARK 
  PAD SHAPE  SHAPE_1000RECTX1400       180.000 NO     DARK 
  PAD SHAPE  SHAPE_750RECT900          270.000 NO     DARK 
  PAD SHAPE  BULLET_300X800_ETCH       270.000 NO     DARK 
  PAD SHAPE  SHAPE_950RECTX1000_ETCH   270.000 NO     DARK 
  PAD SHAPE  SHAPE_300RECTX700_ETCH    270.000 NO     DARK 
  PAD SHAPE  SHAPE_350RECTX400_ETCH    270.000 NO     DARK 
  PAD SHAPE  SHAPE_750RECT750          270.000 NO     DARK 
  PAD SHAPE  SHAPE_1000RECTX1400       270.000 NO     DARK 
  PAD SHAPE  SHAPE_640RECTX650         270.000 NO     DARK 
  PAD SHAPE  SHAPE_900RECTX1300        270.000 NO     DARK 
  PAD SHAPE  SHAPE_500RECTX525         270.000 NO     DARK 
  PAD SHAPE  SHAPE_500RECTX525         315.000 NO     DARK 

     LAUNCHXL-CC1310_Top created with warnings


================================================================
     PROCESSING FILM < Bottom >
     TO FILE < C:/apps/layout/LAUNCHXL_CC1310/design/hw/Cadence/Allegro/LAUNCHXL-CC1310_Bottom.art > ...
================================================================

  FILM PARAMETERS :
  ---------------------------------------------------------
  Undefined line width                0.0990
  Mirror code                         NONE
  Rotate angle                        NONE
  Offset x:                           0.0000
  Offset y:                           0.0000
  Plot negative                       NO
  Suppress unconnected internal pads  DYNAMIC
  Draw holes only                     NO

    WARNING: Segment with same start and end points at
	(218.7878 253.6906) will be ignored. Increasing output
	accuracy may allow segment to be generated.

    WARNING: Segment with same start and end points at
	(221.3278 253.6906) will be ignored. Increasing output
	accuracy may allow segment to be generated.

    WARNING: Segment with same start and end points at
	(221.9183 253.6906) will be ignored. Increasing output
	accuracy may allow segment to be generated.

    WARNING: Segment with same start and end points at
	(223.8678 253.6906) will be ignored. Increasing output
	accuracy may allow segment to be generated.

    WARNING: Segment with same start and end points at
	(224.4583 253.6906) will be ignored. Increasing output
	accuracy may allow segment to be generated.

    WARNING: Segment with same start and end points at
	(237.7116 249.3441) will be ignored. Increasing output
	accuracy may allow segment to be generated.



  APERTURES USED:
  ---------------------------------------------------------
  TYPE       SIZE/NAME                   ROT   MIRROR MODE 
  ---------------------------------------------------------
  CIRCLE     0.00390                                  DARK 
  CIRCLE     0.00394                                  DARK 
  CIRCLE     0.00591                                  DARK 
  CIRCLE     0.01181                                  DARK 
  CIRCLE     0.01575                                  DARK 
  CIRCLE     0.01969                                  DARK 
  CIRCLE     0.02362                                  DARK 
  CIRCLE     0.02756                                  DARK 
  CIRCLE     0.03150                                  DARK 
  CIRCLE     0.03937                                  DARK 
  CIRCLE     0.05000                                  DARK 
  CIRCLE     0.06496                                  DARK 
  CIRCLE     0.06689                                  DARK 
  CIRCLE     0.14961                                  DARK 
  OBLONG     0.05512     x 0.08268       0.000 NO     DARK 

     LAUNCHXL-CC1310_Bottom created with warnings


================================================================
     PROCESSING FILM < assembly_top >
     TO FILE < C:/apps/layout/LAUNCHXL_CC1310/design/hw/Cadence/Allegro/LAUNCHXL-CC1310_assembly_top.art > ...
================================================================

  FILM PARAMETERS :
  ---------------------------------------------------------
  Undefined line width                0.0990
  Mirror code                         NONE
  Rotate angle                        NONE
  Offset x:                           0.0000
  Offset y:                           0.0000
  Plot negative                       NO
  Suppress unconnected internal pads  DYNAMIC
  Draw holes only                     NO



  APERTURES USED:
  ---------------------------------------------------------
  TYPE       SIZE/NAME                   ROT   MIRROR MODE 
  ---------------------------------------------------------
  CIRCLE     0.00197                                  DARK 
  CIRCLE     0.00390                                  DARK 
  CIRCLE     0.00394                                  DARK 
  CIRCLE     0.00591                                  DARK 
  CIRCLE     0.00984                                  DARK 

     LAUNCHXL-CC1310_assembly_top created with warnings


================================================================
     PROCESSING FILM < drill >
     TO FILE < C:/apps/layout/LAUNCHXL_CC1310/design/hw/Cadence/Allegro/LAUNCHXL-CC1310_drill.art > ...
================================================================

  FILM PARAMETERS :
  ---------------------------------------------------------
  Undefined line width                0.0990
  Mirror code                         NONE
  Rotate angle                        NONE
  Offset x:                           0.0000
  Offset y:                           0.0000
  Plot negative                       NO
  Suppress unconnected internal pads  DYNAMIC
  Draw holes only                     NO



  APERTURES USED:
  ---------------------------------------------------------
  TYPE       SIZE/NAME                   ROT   MIRROR MODE 
  ---------------------------------------------------------
  CIRCLE     0.00118                                  DARK 
  CIRCLE     0.00390                                  DARK 
  CIRCLE     0.00394                                  DARK 
  CIRCLE     0.00591                                  DARK 
  CIRCLE     0.00984                                  DARK 
  CIRCLE     0.01181                                  DARK 

     LAUNCHXL-CC1310_drill created with warnings


================================================================
     PROCESSING FILM < Layer2 >
     TO FILE < C:/apps/layout/LAUNCHXL_CC1310/design/hw/Cadence/Allegro/LAUNCHXL-CC1310_Layer2.art > ...
================================================================

  FILM PARAMETERS :
  ---------------------------------------------------------
  Undefined line width                0.0200
  Mirror code                         NONE
  Rotate angle                        NONE
  Offset x:                           0.0000
  Offset y:                           0.0000
  Plot negative                       NO
  Suppress unconnected internal pads  DYNAMIC
  Draw holes only                     NO

    WARNING: Segment with same start and end points at
	(209.7934 288.6025) will be ignored. Increasing output
	accuracy may allow segment to be generated.

    WARNING: Segment with same start and end points at
	(210.4066 288.6024) will be ignored. Increasing output
	accuracy may allow segment to be generated.



  APERTURES USED:
  ---------------------------------------------------------
  TYPE       SIZE/NAME                   ROT   MIRROR MODE 
  ---------------------------------------------------------
  CIRCLE     0.00079                                  DARK 
  CIRCLE     0.00390                                  DARK 
  CIRCLE     0.00394                                  DARK 
  CIRCLE     0.00591                                  DARK 
  CIRCLE     0.01575                                  DARK 
  CIRCLE     0.01969                                  DARK 
  CIRCLE     0.02756                                  DARK 
  CIRCLE     0.03937                                  DARK 
  CIRCLE     0.06496                                  DARK 
  CIRCLE     0.06689                                  DARK 
  CIRCLE     0.14961                                  DARK 
  OBLONG     0.05512     x 0.08268       0.000 NO     DARK 

     LAUNCHXL-CC1310_Layer2 created with warnings


================================================================
     PROCESSING FILM < Layer3 >
     TO FILE < C:/apps/layout/LAUNCHXL_CC1310/design/hw/Cadence/Allegro/LAUNCHXL-CC1310_Layer3.art > ...
================================================================

  FILM PARAMETERS :
  ---------------------------------------------------------
  Undefined line width                0.0200
  Mirror code                         NONE
  Rotate angle                        NONE
  Offset x:                           0.0000
  Offset y:                           0.0000
  Plot negative                       NO
  Suppress unconnected internal pads  DYNAMIC
  Draw holes only                     NO



  APERTURES USED:
  ---------------------------------------------------------
  TYPE       SIZE/NAME                   ROT   MIRROR MODE 
  ---------------------------------------------------------
  CIRCLE     0.00079                                  DARK 
  CIRCLE     0.00390                                  DARK 
  CIRCLE     0.00394                                  DARK 
  CIRCLE     0.00591                                  DARK 
  CIRCLE     0.00787                                  DARK 
  CIRCLE     0.01181                                  DARK 
  CIRCLE     0.01575                                  DARK 
  CIRCLE     0.01969                                  DARK 
  CIRCLE     0.02362                                  DARK 
  CIRCLE     0.03937                                  DARK 
  CIRCLE     0.06496                                  DARK 
  CIRCLE     0.06689                                  DARK 
  CIRCLE     0.14961                                  DARK 
  OBLONG     0.05512     x 0.08268       0.000 NO     DARK 

     LAUNCHXL-CC1310_Layer3 created with warnings


------------------------------------------------------
 SUMMARY:
        LAUNCHXL-CC1310_paste_top created with warnings
        LAUNCHXL-CC1310_paste_bottom created with warnings
        LAUNCHXL-CC1310_soldmask_top created with warnings
        LAUNCHXL-CC1310_soldmask_bottom created with warnings
        LAUNCHXL-CC1310_silk_top created with warnings
        LAUNCHXL-CC1310_silk_bottom created with warnings
        LAUNCHXL-CC1310_assembly_bottom created with warnings
        LAUNCHXL-CC1310_Top created with warnings
        LAUNCHXL-CC1310_Bottom created with warnings
        LAUNCHXL-CC1310_assembly_top created with warnings
        LAUNCHXL-CC1310_drill created with warnings
        LAUNCHXL-CC1310_Layer2 created with warnings
        LAUNCHXL-CC1310_Layer3 created with warnings

 ARTWORK had warnings
