(---------------------------------------------------------------------)
(                                                                     )
(    NC DRILL Log                                                     )
(                                                                     )
(    Drawing          : LAUNCHXL-CC1310.brd                           )
(    Software Version : 17.2S024                                      )
(    Date/Time        : Tue Feb 18 08:24:26 2020                      )
(                                                                     )
(---------------------------------------------------------------------)



 Processing NC Parameters file 'nc_param.txt' ...

 NC PARAMETERS
 -------------

 FORMAT   		4.4
 MACHINE-OFFSET		x:0.00000	y:0.00000   (mm)
 FEEDRATE		1
 COORDINATES		ABSOLUTE
 OUTPUT-UNITS		METRIC
 TOOL-ORDER		INCREASING
 REPEAT-CODES		YES
 SUPPRESS-LEAD-ZEROES	NO
 SUPPRESS-TRAIL-ZEROES	NO
 SUPPRESS-EQUAL		NO
 TOOL-SELECT		NO
 HEADER			none
 LEADER			12
 CODE			ASCII
 SEPARATE		YES
 SEPARATE-ROUTING	NO
 OPTIMIZE_DRILLING	NO
 ENHANCED_EXCELLON	NO
 SCALE			1.000000

 WARNING(SPMHMF-358): Design precision is the same as that of the drill output file data.
 WARNING(SPMHMF-359): Data rounding errors may still be possible.
 WARNING(SPMHMF-365): This design contains 2 slot holes that can NOT be drilled.
 WARNING(SPMHMF-366): They can be processed by NC routing instead.


 Drill files being output to directory 'C:/apps/layout/LAUNCHXL_CC1310/design/hw/Cadence/Allegro' ...



     'LAUNCHXL-CC1310-1-4.drl' created for holes connecting TOP and BOTTOM ; Plating = PLATED
     ----------------------------------------------------------------------------------------

           Num     Size      +/- Tolerance     Plating   Quantity

            1.   0.2000    0.0000/  0.0000      PLATED       1357
            2.   0.2010    0.0000/  0.0000      PLATED         25
            3.   1.0500    0.0000/  0.0000      PLATED         75
            4.   1.1000    0.0000/  0.0000      PLATED          1
            5.   3.2000    0.0000/  0.0000      PLATED          4

     ---- Total holes:                                       1462

     ---- Total head travel:              46.67 feet (14.22 meters)




     'LAUNCHXL-CC1310-1-4-np.drl' created for holes connecting TOP and BOTTOM ; Plating = NON_PLATED
     -----------------------------------------------------------------------------------------------

           Num     Size      +/- Tolerance     Plating   Quantity

            1.   0.8990    0.0000/  0.0000  NON_PLATED          6
            2.   1.0000    0.0000/  0.0000  NON_PLATED          3
            3.   3.2000    0.0000/  0.0000  NON_PLATED          2

     ---- Total holes:                                         11

     ---- Total head travel:              0.94 feet (0.29 meters)

